Arguments: 
  C:\Program Files\nodejs\node.exe C:\Users\Mihail\AppData\Roaming\npm\node_modules\yarn\bin\yarn.js add express-validator

PATH: 
  C:\Program Files (x86)\Common Files\Intel\Shared Libraries\redist\intel64\compiler;C:\ProgramData\Oracle\Java\javapath;C:\Windows\system32;C:\Windows;C:\Windows\System32\Wbem;C:\Windows\System32\WindowsPowerShell\v1.0\;C:\Windows\System32\OpenSSH\;C:\Program Files\7-Zip;C:\Program Files\Cloudflare\Cloudflare WARP\;C:\Program Files\nodejs\;C:\Program Files\MySQL\MySQL Shell 8.0\bin\;C:\Users\Mihail\AppData\Local\Microsoft\WindowsApps;C:\Users\Mihail\AppData\Roaming\npm;C:\Users\Mihail\AppData\Local\Programs\Microsoft VS Code\bin;C:\Program Files\PostgreSQL\15\bin;

Yarn version: 
  1.22.19

Node version: 
  18.16.0

Platform: 
  win32 x64

Trace: 
  Error: EPERM: operation not permitted, unlink 'C:\Users\Mihail\Desktop\Node\store\server\node_modules\bcrypt\lib\binding\napi-v3\bcrypt_lib.node'

npm manifest: 
  {
    "name": "server",
    "version": "1.0.0",
    "description": "",
    "main": "index.js",
    "scripts": {
      "dev": "nodemon index.js"
    },
    "keywords": [],
    "author": "",
    "license": "ISC",
    "dependencies": {
      "bcrypt": "^5.1.0",
      "cors": "^2.8.5",
      "dotenv": "^16.3.1",
      "express": "^4.18.2",
      "express-fileupload": "^1.4.0",
      "express-validator": "^7.0.1",
      "jsonwebtoken": "^9.0.1",
      "pg": "^8.11.1",
      "pg-hstore": "^2.3.4",
      "sequelize": "^6.32.1",
      "uuid": "^9.0.0"
    },
    "devDependencies": {
      "nodemon": "^3.0.1"
    }
  }

yarn manifest: 
  No manifest

Lockfile: 
  No lockfile
